<?xml version="1.0" encoding="UTF-8"?>
<testng-results ignored="0" total="1" passed="1" failed="0" skipped="0">
  <reporter-output>
  </reporter-output>
  <suite started-at="2023-12-01T03:35:59 EST" name="Default suite" finished-at="2023-12-01T03:35:59 EST" duration-ms="45">
    <groups>
    </groups>
    <test started-at="2023-12-01T03:35:59 EST" name="Default test" finished-at="2023-12-01T03:35:59 EST" duration-ms="45">
      <class name="northeast.aaa.com.unit.ReadConfigTest">
        <test-method signature="getPropertiesTest()[pri:0, instance:northeast.aaa.com.unit.ReadConfigTest@7133da86]" started-at="2023-12-01T03:35:59 EST" name="getPropertiesTest" finished-at="2023-12-01T03:35:59 EST" duration-ms="10" status="PASS">
          <reporter-output>
          </reporter-output>
        </test-method> <!-- getPropertiesTest -->
      </class> <!-- northeast.aaa.com.unit.ReadConfigTest -->
    </test> <!-- Default test -->
  </suite> <!-- Default suite -->
</testng-results>
